<?xml version="1.0" encoding="UTF-8"?>
<testsuite xmlns:xsi="http://www.w3.org/2001/XMLSchema-instance" xsi:noNamespaceSchemaLocation="https://maven.apache.org/surefire/maven-surefire-plugin/xsd/surefire-test-report.xsd" name="edu.uvg.AppTest" time="0.088" tests="3" errors="0" skipped="0" failures="0">
  <properties>
[...]
</properties>
  <testcase name="testSwitchPowerStatus" classname="edu.uvg.AppTest" time="0.009"/>
  <testcase name="testSpeedControl" classname="edu.uvg.AppTest" time="0"/>
  <testcase name="testFillBlender" classname="edu.uvg.AppTest" time="0"/>
</testsuite>